0 info it worked if it ends with ok
1 verbose cli [ '/usr/bin/node', '/usr/bin/npm', 'install', '-g', 'jshint' ]
2 info using npm@2.0.2
3 info using node@v0.10.32
4 verbose cache add [ 'jshint', null ]
5 verbose cache add spec="jshint" args=["jshint",null]
6 verbose parsed spec { raw: 'jshint',
6 verbose parsed spec   scope: null,
6 verbose parsed spec   name: 'jshint',
6 verbose parsed spec   rawSpec: '',
6 verbose parsed spec   spec: '*',
6 verbose parsed spec   type: 'range' }
7 verbose parsed spec { raw: 'jshint',
7 verbose parsed spec   scope: null,
7 verbose parsed spec   name: 'jshint',
7 verbose parsed spec   rawSpec: '',
7 verbose parsed spec   spec: '*',
7 verbose parsed spec   type: 'range' }
8 verbose addNamed [ 'jshint', '*' ]
9 verbose addNamed [ null, '*' ]
10 silly lockFile a9f07da1-jshint jshint@*
11 verbose lock jshint@* /home/bob/.npm/a9f07da1-jshint.lock
12 silly addNameRange { name: 'jshint', range: '*', hasData: false }
13 verbose mapToRegistry name jshint
14 verbose mapToRegistry uri https://registry.npmjs.org/jshint
15 verbose request on initialization, where is /jshint
16 verbose request after pass 1, where is /jshint
17 verbose request url raw /jshint
18 verbose request resolving registry [ 'https://registry.npmjs.org/', './jshint' ]
19 verbose request after pass 2, where is https://registry.npmjs.org/jshint
20 verbose request no auth needed
21 info attempt registry request try #1 at 20:56:10
22 verbose request id 9e1b1748ee4d5fab
23 http request GET https://registry.npmjs.org/jshint
24 http 200 https://registry.npmjs.org/jshint
25 silly registry.get cb [ 200,
25 silly registry.get   { date: 'Mon, 13 Oct 2014 00:56:10 GMT',
25 silly registry.get     server: 'CouchDB/1.5.0 (Erlang OTP/R16B03)',
25 silly registry.get     etag: '"1XAHO8NVE0549VYJVPL06F8S8"',
25 silly registry.get     'content-type': 'application/json',
25 silly registry.get     'cache-control': 'max-age=60',
25 silly registry.get     'content-length': '80057',
25 silly registry.get     'accept-ranges': 'bytes',
25 silly registry.get     via: '1.1 varnish',
25 silly registry.get     age: '6',
25 silly registry.get     'x-served-by': 'cache-atl6230-ATL',
25 silly registry.get     'x-cache': 'HIT',
25 silly registry.get     'x-cache-hits': '1',
25 silly registry.get     'x-timer': 'S1413161770.379502,VS0,VE1',
25 silly registry.get     vary: 'Accept',
25 silly registry.get     'keep-alive': 'timeout=10, max=50',
25 silly registry.get     connection: 'Keep-Alive' } ]
26 silly addNameRange number 2 { name: 'jshint', range: '*', hasData: true }
27 silly addNameRange versions [ 'jshint',
27 silly addNameRange   [ '0.1.8',
27 silly addNameRange     '0.1.9',
27 silly addNameRange     '0.2.0',
27 silly addNameRange     '0.2.1',
27 silly addNameRange     '0.2.2',
27 silly addNameRange     '0.2.3',
27 silly addNameRange     '0.3.0',
27 silly addNameRange     '0.3.1',
27 silly addNameRange     '0.4.0',
27 silly addNameRange     '0.5.0',
27 silly addNameRange     '0.5.1',
27 silly addNameRange     '0.5.2',
27 silly addNameRange     '0.5.3',
27 silly addNameRange     '0.5.4',
27 silly addNameRange     '0.5.5',
27 silly addNameRange     '0.5.6',
27 silly addNameRange     '0.5.7',
27 silly addNameRange     '0.5.8',
27 silly addNameRange     '0.5.9',
27 silly addNameRange     '0.6.0',
27 silly addNameRange     '0.6.1',
27 silly addNameRange     '0.6.2',
27 silly addNameRange     '0.6.3',
27 silly addNameRange     '0.7.0',
27 silly addNameRange     '0.7.1',
27 silly addNameRange     '0.7.2',
27 silly addNameRange     '0.7.3',
27 silly addNameRange     '0.8.0',
27 silly addNameRange     '0.8.1',
27 silly addNameRange     '0.8.2',
27 silly addNameRange     '0.9.0',
27 silly addNameRange     '0.9.1',
27 silly addNameRange     '1.0.0',
27 silly addNameRange     '1.1.0',
27 silly addNameRange     '2.0.0',
27 silly addNameRange     '2.0.1',
27 silly addNameRange     '2.1.0',
27 silly addNameRange     '2.1.1',
27 silly addNameRange     '2.1.2',
27 silly addNameRange     '2.1.3',
27 silly addNameRange     '2.1.4',
27 silly addNameRange     '2.1.5',
27 silly addNameRange     '2.1.6',
27 silly addNameRange     '2.1.7',
27 silly addNameRange     '2.1.8',
27 silly addNameRange     '2.1.9',
27 silly addNameRange     '2.1.10',
27 silly addNameRange     '2.1.11',
27 silly addNameRange     '2.2.0',
27 silly addNameRange     '2.3.0',
27 silly addNameRange     '2.4.0',
27 silly addNameRange     '2.4.1',
27 silly addNameRange     '2.4.2',
27 silly addNameRange     '2.4.3',
27 silly addNameRange     '2.4.4',
27 silly addNameRange     '2.5.0',
27 silly addNameRange     '2.5.1',
27 silly addNameRange     '2.5.2',
27 silly addNameRange     '2.5.3',
27 silly addNameRange     '2.5.4',
27 silly addNameRange     '2.5.5',
27 silly addNameRange     '2.5.6' ] ]
28 verbose addNamed [ 'jshint', '2.5.6' ]
29 verbose addNamed [ '2.5.6', '2.5.6' ]
30 silly lockFile 4bfe2867-jshint-2-5-6 jshint@2.5.6
31 verbose lock jshint@2.5.6 /home/bob/.npm/4bfe2867-jshint-2-5-6.lock
32 silly lockFile fe4d39cb-pmjs-org-jshint-jshint-2-5-6-tgz https://registry.npmjs.org/jshint/-/jshint-2.5.6.tgz
33 verbose lock https://registry.npmjs.org/jshint/-/jshint-2.5.6.tgz /home/bob/.npm/fe4d39cb-pmjs-org-jshint-jshint-2-5-6-tgz.lock
34 verbose addRemoteTarball [ 'https://registry.npmjs.org/jshint/-/jshint-2.5.6.tgz',
34 verbose addRemoteTarball   '1685ce1f9e1c74832375d83fe89728589bd9d8c7' ]
35 info retry fetch attempt 1 at 20:56:10
36 info attempt registry request try #1 at 20:56:10
37 http fetch GET https://registry.npmjs.org/jshint/-/jshint-2.5.6.tgz
38 http fetch 200 https://registry.npmjs.org/jshint/-/jshint-2.5.6.tgz
39 silly fetchAndShaCheck shasum 1685ce1f9e1c74832375d83fe89728589bd9d8c7
40 silly lockFile fe4d39cb-pmjs-org-jshint-jshint-2-5-6-tgz https://registry.npmjs.org/jshint/-/jshint-2.5.6.tgz
41 silly lockFile fe4d39cb-pmjs-org-jshint-jshint-2-5-6-tgz https://registry.npmjs.org/jshint/-/jshint-2.5.6.tgz
42 silly lockFile 4bfe2867-jshint-2-5-6 jshint@2.5.6
43 silly lockFile 4bfe2867-jshint-2-5-6 jshint@2.5.6
44 silly lockFile a9f07da1-jshint jshint@*
45 silly lockFile a9f07da1-jshint jshint@*
46 silly resolved [ { name: 'jshint',
46 silly resolved     version: '2.5.6',
46 silly resolved     homepage: 'http://jshint.com/',
46 silly resolved     description: 'Static analysis tool for JavaScript',
46 silly resolved     author:
46 silly resolved      { name: 'Anton Kovalyov',
46 silly resolved        email: 'anton@kovalyov.net',
46 silly resolved        url: 'http://anton.kovalyov.net/' },
46 silly resolved     repository: { type: 'git', url: 'https://github.com/jshint/jshint.git' },
46 silly resolved     bugs: { url: 'https://github.com/jshint/jshint/issues' },
46 silly resolved     bin: { jshint: './bin/jshint' },
46 silly resolved     scripts:
46 silly resolved      { data: 'node scripts/generate-identifier-data',
46 silly resolved        build: 'node bin/build',
46 silly resolved        test: 'nodeunit tests tests/regression tests/unit',
46 silly resolved        pretest: 'jshint src' },
46 silly resolved     main: './src/jshint.js',
46 silly resolved     dependencies:
46 silly resolved      { shelljs: '0.3.x',
46 silly resolved        underscore: '1.6.x',
46 silly resolved        cli: '0.6.x',
46 silly resolved        minimatch: '1.0.x',
46 silly resolved        htmlparser2: '3.7.x',
46 silly resolved        'console-browserify': '1.1.x',
46 silly resolved        exit: '0.1.x',
46 silly resolved        'strip-json-comments': '1.0.x' },
46 silly resolved     devDependencies:
46 silly resolved      { jshint: '2.5.x',
46 silly resolved        browserify: '5.x',
46 silly resolved        coveraje: '0.2.x',
46 silly resolved        nodeunit: '0.9.x',
46 silly resolved        sinon: '1.10.x',
46 silly resolved        'unicode-6.3.0': '0.1.x',
46 silly resolved        regenerate: '0.6.x' },
46 silly resolved     licenses: [ [Object] ],
46 silly resolved     preferGlobal: true,
46 silly resolved     files: [ 'bin', 'src', 'data', 'dist' ],
46 silly resolved     gitHead: '17e9355cd27ef53c76c82e9c8514118eabe25ffe',
46 silly resolved     _id: 'jshint@2.5.6',
46 silly resolved     _shasum: '1685ce1f9e1c74832375d83fe89728589bd9d8c7',
46 silly resolved     _from: 'jshint@*',
46 silly resolved     _npmVersion: '1.5.0-alpha-1',
46 silly resolved     _npmUser: { name: 'rwaldron', email: 'waldron.rick@gmail.com' },
46 silly resolved     maintainers: [ [Object], [Object] ],
46 silly resolved     dist:
46 silly resolved      { shasum: '1685ce1f9e1c74832375d83fe89728589bd9d8c7',
46 silly resolved        tarball: 'http://registry.npmjs.org/jshint/-/jshint-2.5.6.tgz' },
46 silly resolved     directories: {},
46 silly resolved     _resolved: 'https://registry.npmjs.org/jshint/-/jshint-2.5.6.tgz' } ]
47 info install jshint@2.5.6 into /usr/lib
48 info installOne jshint@2.5.6
49 verbose lib/node_modules/jshint unbuild
50 verbose gentlyRm vacuuming /usr/lib/node_modules/jshint
51 verbose tar unpack /home/bob/.npm/jshint/2.5.6/package.tgz
52 silly lockFile 5d4bbf58-tar-usr-lib-node-modules-jshint tar:///usr/lib/node_modules/jshint
53 verbose lock tar:///usr/lib/node_modules/jshint /home/bob/.npm/5d4bbf58-tar-usr-lib-node-modules-jshint.lock
54 silly lockFile ff433405-bob-npm-jshint-2-5-6-package-tgz tar:///home/bob/.npm/jshint/2.5.6/package.tgz
55 verbose lock tar:///home/bob/.npm/jshint/2.5.6/package.tgz /home/bob/.npm/ff433405-bob-npm-jshint-2-5-6-package-tgz.lock
56 verbose gentlyRm vacuuming /usr/lib/node_modules/jshint
57 silly gunzTarPerm modes [ '755', '644' ]
58 verbose fstream_path /usr/lib/node_modules/jshint
59 verbose fstream_type Directory
60 verbose fstream_class DirWriter
61 verbose stack Error: EACCES, mkdir '/usr/lib/node_modules/jshint'
62 verbose fstream_stack /usr/lib/node_modules/npm/node_modules/fstream/lib/dir-writer.js:36:23
62 verbose fstream_stack /usr/lib/node_modules/npm/node_modules/mkdirp/index.js:46:53
62 verbose fstream_stack Object.oncomplete (fs.js:107:15)
63 verbose cwd /home/bob/Dropbox/node/tutorial
64 error Linux 3.16.2-1-ARCH
65 error argv "/usr/bin/node" "/usr/bin/npm" "install" "-g" "jshint"
66 error node v0.10.32
67 error npm  v2.0.2
68 error path /usr/lib/node_modules/jshint
69 error code EACCES
70 error errno 3
71 error Error: EACCES, mkdir '/usr/lib/node_modules/jshint'
71 error  { [Error: EACCES, mkdir '/usr/lib/node_modules/jshint']
71 error   errno: 3,
71 error   code: 'EACCES',
71 error   path: '/usr/lib/node_modules/jshint',
71 error   fstream_type: 'Directory',
71 error   fstream_path: '/usr/lib/node_modules/jshint',
71 error   fstream_class: 'DirWriter',
71 error   fstream_stack:
71 error    [ '/usr/lib/node_modules/npm/node_modules/fstream/lib/dir-writer.js:36:23',
71 error      '/usr/lib/node_modules/npm/node_modules/mkdirp/index.js:46:53',
71 error      'Object.oncomplete (fs.js:107:15)' ] }
72 error Please try running this command again as root/Administrator.
73 verbose exit [ 3, true ]
